<?xml version="1.0" encoding="UTF-8"?>
<!-- Generated by org.testng.reporters.JUnitReportReporter -->
<testsuite hostname="DESKTOP-FKNGPDU" failures="0" tests="2" name="rahulshettyacadamy.Day2" time="0.018" errors="0" timestamp="18 Dec 2024 16:28:58 GMT">
  <testcase classname="rahulshettyacadamy.Day2" name="PersonalLoan1" time="0.016"/>
  <testcase classname="rahulshettyacadamy.Day2" name="PersonalLoan2" time="0.002"/>
</testsuite>
