<?xml version="1.0" encoding="UTF-8"?>
<!-- Generated by org.testng.reporters.JUnitReportReporter -->
<testsuite hostname="DESKTOP-FKNGPDU" failures="0" tests="3" name="rahulshettyacadamy.Day1" time="2.533" errors="0" timestamp="19 Dec 2024 03:55:56 GMT">
  <testcase classname="rahulshettyacadamy.Day1" name="HomeLoan2" time="0.000"/>
  <testcase classname="rahulshettyacadamy.Day1" name="HomeLoan1" time="0.013"/>
  <testcase classname="rahulshettyacadamy.Day1" name="Login" time="2.520"/>
</testsuite>
